@storybook/cli v7.0.0-rc.0

info => Cleaning outputDir: /var/folders/xk/h70n9w7s5lg_ljy4kwy9bmh40000gn/T/chromatic--94406-SwLaSw9XJpMo
info => Loading presets
info => Building manager..
info => Manager built (444 ms)
info => Copying static files: /Users/garrettflynn/Documents/Github/nwb-guide/node_modules/@storybook/manager/static at /var/folders/xk/h70n9w7s5lg_ljy4kwy9bmh40000gn/T/chromatic--94406-SwLaSw9XJpMo/sb-common-assets
vite v4.1.4 building for production...

./sb-common-assets/fonts.css doesn't exist at build time, it will remain unchanged to be resolved at runtime
transforming...
Use of eval in "node_modules/telejson/dist/index.mjs" is strongly discouraged as it poses security risks and may cause issues with minification.
Use of eval in "node_modules/telejson/dist/index.mjs" is strongly discouraged as it poses security risks and may cause issues with minification.
✓ 525 modules transformed.
rendering chunks...
computing gzip size...
../../../../../var/folders/xk/h70n9w7s5lg_ljy4kwy9bmh40000gn/T/chromatic--94406-SwLaSw9XJpMo/assets/direction-b2c1ee28.svg                         1.28 kB
../../../../../var/folders/xk/h70n9w7s5lg_ljy4kwy9bmh40000gn/T/chromatic--94406-SwLaSw9XJpMo/assets/flow-f466e128.svg                              1.40 kB
../../../../../var/folders/xk/h70n9w7s5lg_ljy4kwy9bmh40000gn/T/chromatic--94406-SwLaSw9XJpMo/assets/code-brackets-f77362a5.svg                     1.46 kB
../../../../../var/folders/xk/h70n9w7s5lg_ljy4kwy9bmh40000gn/T/chromatic--94406-SwLaSw9XJpMo/assets/comments-d872f86f.svg                          1.53 kB
../../../../../var/folders/xk/h70n9w7s5lg_ljy4kwy9bmh40000gn/T/chromatic--94406-SwLaSw9XJpMo/assets/repo-a7486a28.svg                              1.64 kB
../../../../../var/folders/xk/h70n9w7s5lg_ljy4kwy9bmh40000gn/T/chromatic--94406-SwLaSw9XJpMo/assets/plugin-d92be418.svg                            2.18 kB
../../../../../var/folders/xk/h70n9w7s5lg_ljy4kwy9bmh40000gn/T/chromatic--94406-SwLaSw9XJpMo/assets/stackalt-7bc324d7.svg                          2.55 kB
../../../../../var/folders/xk/h70n9w7s5lg_ljy4kwy9bmh40000gn/T/chromatic--94406-SwLaSw9XJpMo/assets/colors-00f7fe5a.svg                            8.51 kB
../../../../../var/folders/xk/h70n9w7s5lg_ljy4kwy9bmh40000gn/T/chromatic--94406-SwLaSw9XJpMo/iframe.html                                          12.78 kB
../../../../../var/folders/xk/h70n9w7s5lg_ljy4kwy9bmh40000gn/T/chromatic--94406-SwLaSw9XJpMo/assets/Header-e719f21b.css                            0.43 kB │ gzip:   0.29 kB
../../../../../var/folders/xk/h70n9w7s5lg_ljy4kwy9bmh40000gn/T/chromatic--94406-SwLaSw9XJpMo/assets/Button-bc1a867b.css                            0.52 kB │ gzip:   0.29 kB
../../../../../var/folders/xk/h70n9w7s5lg_ljy4kwy9bmh40000gn/T/chromatic--94406-SwLaSw9XJpMo/assets/Page.stories-62652a55.css                      0.85 kB │ gzip:   0.38 kB
../../../../../var/folders/xk/h70n9w7s5lg_ljy4kwy9bmh40000gn/T/chromatic--94406-SwLaSw9XJpMo/assets/index-d475d2ea.js                              0.21 kB │ gzip:   0.17 kB │ map:     0.84 kB
../../../../../var/folders/xk/h70n9w7s5lg_ljy4kwy9bmh40000gn/T/chromatic--94406-SwLaSw9XJpMo/assets/preview-569caf78.js                            0.22 kB │ gzip:   0.20 kB │ map:     0.70 kB
../../../../../var/folders/xk/h70n9w7s5lg_ljy4kwy9bmh40000gn/T/chromatic--94406-SwLaSw9XJpMo/assets/_commonjsHelpers-725317a4.js                   0.29 kB │ gzip:   0.23 kB │ map:     0.11 kB
../../../../../var/folders/xk/h70n9w7s5lg_ljy4kwy9bmh40000gn/T/chromatic--94406-SwLaSw9XJpMo/assets/WithTooltip-5WWCYCAA-7f9bd5a3.js               0.40 kB │ gzip:   0.25 kB │ map:     0.11 kB
../../../../../var/folders/xk/h70n9w7s5lg_ljy4kwy9bmh40000gn/T/chromatic--94406-SwLaSw9XJpMo/assets/syntaxhighlighter-QTQ2UBB4-a61b962f.js         0.41 kB │ gzip:   0.27 kB │ map:     0.12 kB
../../../../../var/folders/xk/h70n9w7s5lg_ljy4kwy9bmh40000gn/T/chromatic--94406-SwLaSw9XJpMo/assets/index-6236afa5.js                              0.43 kB │ gzip:   0.27 kB │ map:     0.10 kB
../../../../../var/folders/xk/h70n9w7s5lg_ljy4kwy9bmh40000gn/T/chromatic--94406-SwLaSw9XJpMo/assets/index-2447150a.js                              0.53 kB │ gzip:   0.34 kB │ map:     4.29 kB
../../../../../var/folders/xk/h70n9w7s5lg_ljy4kwy9bmh40000gn/T/chromatic--94406-SwLaSw9XJpMo/assets/preview-0435c720.js                            0.69 kB │ gzip:   0.49 kB │ map:     3.79 kB
../../../../../var/folders/xk/h70n9w7s5lg_ljy4kwy9bmh40000gn/T/chromatic--94406-SwLaSw9XJpMo/assets/preview-66382527.js                            0.74 kB │ gzip:   0.45 kB │ map:     1.27 kB
../../../../../var/folders/xk/h70n9w7s5lg_ljy4kwy9bmh40000gn/T/chromatic--94406-SwLaSw9XJpMo/assets/index-356e4a49.js                              0.81 kB │ gzip:   0.51 kB │ map:     3.27 kB
../../../../../var/folders/xk/h70n9w7s5lg_ljy4kwy9bmh40000gn/T/chromatic--94406-SwLaSw9XJpMo/assets/preview-b1164a2e.js                            0.88 kB │ gzip:   0.58 kB │ map:     2.83 kB
../../../../../var/folders/xk/h70n9w7s5lg_ljy4kwy9bmh40000gn/T/chromatic--94406-SwLaSw9XJpMo/assets/Button.stories-e3f928ef.js                     1.55 kB │ gzip:   0.60 kB │ map:     3.57 kB
../../../../../var/folders/xk/h70n9w7s5lg_ljy4kwy9bmh40000gn/T/chromatic--94406-SwLaSw9XJpMo/assets/Button-4ed91022.js                             1.73 kB │ gzip:   0.96 kB │ map:     4.41 kB
../../../../../var/folders/xk/h70n9w7s5lg_ljy4kwy9bmh40000gn/T/chromatic--94406-SwLaSw9XJpMo/assets/DocsRenderer-7FRJXR4N-3e2c463f.js              1.77 kB │ gzip:   0.88 kB │ map:     4.84 kB
../../../../../var/folders/xk/h70n9w7s5lg_ljy4kwy9bmh40000gn/T/chromatic--94406-SwLaSw9XJpMo/assets/Header.stories-69eb0998.js                     1.86 kB │ gzip:   0.92 kB │ map:     3.72 kB
../../../../../var/folders/xk/h70n9w7s5lg_ljy4kwy9bmh40000gn/T/chromatic--94406-SwLaSw9XJpMo/assets/preview-e0dcbdf1.js                            2.38 kB │ gzip:   1.27 kB │ map:    10.32 kB
../../../../../var/folders/xk/h70n9w7s5lg_ljy4kwy9bmh40000gn/T/chromatic--94406-SwLaSw9XJpMo/assets/index-d37d4223.js                              2.63 kB │ gzip:   1.30 kB │ map:     7.48 kB
../../../../../var/folders/xk/h70n9w7s5lg_ljy4kwy9bmh40000gn/T/chromatic--94406-SwLaSw9XJpMo/assets/Multiselect.stories-b3b3ff5a.js                2.81 kB │ gzip:   1.24 kB │ map:     7.47 kB
../../../../../var/folders/xk/h70n9w7s5lg_ljy4kwy9bmh40000gn/T/chromatic--94406-SwLaSw9XJpMo/assets/Page.stories-8dc5a4f6.js                       3.05 kB │ gzip:   1.33 kB │ map:     4.91 kB
../../../../../var/folders/xk/h70n9w7s5lg_ljy4kwy9bmh40000gn/T/chromatic--94406-SwLaSw9XJpMo/assets/preview-f96f0111.js                            3.29 kB │ gzip:   1.41 kB │ map:    10.14 kB
../../../../../var/folders/xk/h70n9w7s5lg_ljy4kwy9bmh40000gn/T/chromatic--94406-SwLaSw9XJpMo/assets/iframe-afb64a43.js                             4.88 kB │ gzip:   1.70 kB │ map:     4.54 kB
../../../../../var/folders/xk/h70n9w7s5lg_ljy4kwy9bmh40000gn/T/chromatic--94406-SwLaSw9XJpMo/assets/config-6958dadc.js                             4.99 kB │ gzip:   2.43 kB │ map:    15.70 kB
../../../../../var/folders/xk/h70n9w7s5lg_ljy4kwy9bmh40000gn/T/chromatic--94406-SwLaSw9XJpMo/assets/Introduction-bb6a729f.js                       7.65 kB │ gzip:   2.65 kB │ map:    14.00 kB
../../../../../var/folders/xk/h70n9w7s5lg_ljy4kwy9bmh40000gn/T/chromatic--94406-SwLaSw9XJpMo/assets/preview-62235626.js                            7.69 kB │ gzip:   1.60 kB │ map:    13.72 kB
../../../../../var/folders/xk/h70n9w7s5lg_ljy4kwy9bmh40000gn/T/chromatic--94406-SwLaSw9XJpMo/assets/preview-e6f1f377.js                            7.97 kB │ gzip:   3.03 kB │ map:    28.22 kB
../../../../../var/folders/xk/h70n9w7s5lg_ljy4kwy9bmh40000gn/T/chromatic--94406-SwLaSw9XJpMo/assets/GlobalScrollAreaStyles-XIHNDKUY-679823a3.js   10.37 kB │ gzip:   2.33 kB │ map:    15.72 kB
../../../../../var/folders/xk/h70n9w7s5lg_ljy4kwy9bmh40000gn/T/chromatic--94406-SwLaSw9XJpMo/assets/Sidebar.stories-04e39df8.js                   15.32 kB │ gzip:   4.36 kB │ map:    22.34 kB
../../../../../var/folders/xk/h70n9w7s5lg_ljy4kwy9bmh40000gn/T/chromatic--94406-SwLaSw9XJpMo/assets/lit-element-c35584bd.js                       16.19 kB │ gzip:   5.94 kB │ map:    37.53 kB
../../../../../var/folders/xk/h70n9w7s5lg_ljy4kwy9bmh40000gn/T/chromatic--94406-SwLaSw9XJpMo/assets/Color-3YIJY6X7-ea470e38.js                    30.94 kB │ gzip:  11.61 kB │ map:   112.64 kB
../../../../../var/folders/xk/h70n9w7s5lg_ljy4kwy9bmh40000gn/T/chromatic--94406-SwLaSw9XJpMo/assets/OverlayScrollbars-VAV6LJAB-a93ece16.js        58.94 kB │ gzip:  25.26 kB │ map:   277.69 kB
../../../../../var/folders/xk/h70n9w7s5lg_ljy4kwy9bmh40000gn/T/chromatic--94406-SwLaSw9XJpMo/assets/index-b52fa8c7.js                             64.30 kB │ gzip:  18.39 kB │ map:   256.53 kB
../../../../../var/folders/xk/h70n9w7s5lg_ljy4kwy9bmh40000gn/T/chromatic--94406-SwLaSw9XJpMo/assets/formatter-MGIGMU7Y-97f008c6.js               601.52 kB │ gzip: 185.01 kB │ map: 1,318.17 kB
../../../../../var/folders/xk/h70n9w7s5lg_ljy4kwy9bmh40000gn/T/chromatic--94406-SwLaSw9XJpMo/assets/index-c5f15f54.js                            648.67 kB │ gzip: 212.86 kB │ map: 1,828.15 kB

(!) Some chunks are larger than 500 kBs after minification. Consider:
- Using dynamic import() to code-split the application
- Use build.rollupOptions.output.manualChunks to improve chunking: https://rollupjs.org/configuration-options/#output-manualchunks
- Adjust chunk size limit for this warning via build.chunkSizeWarningLimit.
info => Output directory: /var/folders/xk/h70n9w7s5lg_ljy4kwy9bmh40000gn/T/chromatic--94406-SwLaSw9XJpMo
